<?xml version="1.0" encoding="UTF-8"?>
<!-- Generated by org.testng.reporters.JUnitReportReporter -->
<testsuite skipped="0" hostname="BHUVI" name="Testng.NewTest" tests="1" failures="0" timestamp="2021-06-05T11:44:39 IST" time="0.014" errors="0">
  <testcase name="f" time="0.014" classname="Testng.NewTest"/>
  <system-out/>
</testsuite> <!-- Testng.NewTest -->
